-------------------------------------------------------------------------------
Test set: Test
-------------------------------------------------------------------------------
Tests run: 5, Failures: 1, Errors: 0, Skipped: 0, Time elapsed: 12.234 s <<< FAILURE! - in Test
registrationButtonUnavailableWithWrongFormData{String, String, String, String}[1]  Time elapsed: 2.404 s  <<< FAILURE!
java.lang.AssertionError: Expecting registration button be unavailable but it was available.
	at Test.registrationButtonUnavailableWithWrongFormData(Test.java:44)

